<?xml version="1.0" encoding="UTF-8"?>
<testsuite name="pokemonTest.testSuite" tests="1" skipped="0" failures="0" errors="0" timestamp="2019-11-17T20:02:32" hostname="LAPTOP-1NMJ4L39" time="0.004">
  <properties/>
  <testcase name="testSomeCoolFeature" classname="pokemonTest.testSuite" time="0.004"/>
  <system-out><![CDATA[]]></system-out>
  <system-err><![CDATA[]]></system-err>
</testsuite>
